<?xml version="1.0" encoding="UTF-8"?>
<!-- Generated by org.testng.reporters.JUnitReportReporter -->
<testsuite skipped="0" hostname="DESKTOP-2EEJ2ED" name="org.mts.TestNgDataProvider" tests="1" failures="0" timestamp="31 May 2023 13:08:03 GMT" time="26.482" errors="0">
  <testcase name="loginpage" time="26.482" classname="org.mts.TestNgDataProvider"/>
</testsuite> <!-- org.mts.TestNgDataProvider -->
