<?xml version="1.0" encoding="UTF-8"?>
<!-- Generated by org.testng.reporters.JUnitReportReporter -->
<testsuite skipped="0" hostname="DESKTOP-2EEJ2ED" name="org.mts.TestNGSuite" tests="3" failures="0" timestamp="28 May 2023 05:35:47 GMT" time="0.016" errors="0">
  <testcase name="tc_04" time="0.000" classname="org.mts.TestNGSuite"/>
  <testcase name="tc1" time="0.016" classname="org.mts.TestNGSuite"/>
  <testcase name="tc_005" time="0.000" classname="org.mts.TestNGSuite"/>
</testsuite> <!-- org.mts.TestNGSuite -->
