<?xml version="1.0" encoding="UTF-8"?>
<!-- Generated by org.testng.reporters.JUnitReportReporter -->
<testsuite skipped="0" hostname="DESKTOP-2EEJ2ED" name="org.mts.TestNgParameter" tests="1" failures="0" timestamp="31 May 2023 11:09:11 GMT" time="11.756" errors="0">
  <testcase name="loginpage" time="11.756" classname="org.mts.TestNgParameter"/>
</testsuite> <!-- org.mts.TestNgParameter -->
