<?xml version="1.0" encoding="UTF-8"?>
<!-- Generated by org.testng.reporters.JUnitReportReporter -->
<testsuite skipped="0" hostname="DESKTOP-2EEJ2ED" name="org.mts.CrossBrowser" tests="2" failures="0" timestamp="01 Jun 2023 09:35:09 GMT" time="83.861" errors="0">
  <testcase name="login" time="40.259" classname="org.mts.CrossBrowser"/>
  <testcase name="login" time="43.602" classname="org.mts.CrossBrowser"/>
</testsuite> <!-- org.mts.CrossBrowser -->
