<?xml version="1.0" encoding="UTF-8"?>
<!-- Generated by org.testng.reporters.JUnitReportReporter -->
<testsuite skipped="0" hostname="DESKTOP-2EEJ2ED" name="org.mts.TestNG" tests="1" failures="0" timestamp="28 May 2023 05:18:23 GMT" time="0.000" errors="0">
  <testcase name="login" time="0.000" classname="org.mts.TestNG"/>
</testsuite> <!-- org.mts.TestNG -->
