<?xml version="1.0" encoding="UTF-8"?>
<!-- Generated by org.testng.reporters.JUnitReportReporter -->
<testsuite skipped="0" hostname="DESKTOP-2EEJ2ED" name="org.mts.ClassA" tests="3" failures="0" timestamp="27 May 2023 20:10:44 GMT" time="0.036" errors="0">
  <testcase name="tc_13" time="0.000" classname="org.mts.ClassA"/>
  <testcase name="tc_5" time="0.015" classname="org.mts.ClassA"/>
  <testcase name="tc_02" time="0.021" classname="org.mts.ClassA"/>
</testsuite> <!-- org.mts.ClassA -->
