<?xml version="1.0" encoding="UTF-8"?>
<!-- Generated by org.testng.reporters.JUnitReportReporter -->
<testsuite skipped="0" hostname="DESKTOP-2EEJ2ED" name="org.mts.ClassB" tests="3" failures="0" timestamp="28 May 2023 05:17:55 GMT" time="0.015" errors="0">
  <testcase name="tc_03" time="0.000" classname="org.mts.ClassB"/>
  <testcase name="tc_01" time="0.015" classname="org.mts.ClassB"/>
  <testcase name="tc_02" time="0.000" classname="org.mts.ClassB"/>
</testsuite> <!-- org.mts.ClassB -->
