<?xml version="1.0" encoding="UTF-8"?>
<!-- Generated by org.testng.reporters.JUnitReportReporter -->
<testsuite skipped="0" hostname="DESKTOP-2EEJ2ED" name="org.mts.TestNgAssert" tests="3" failures="0" timestamp="01 Jun 2023 10:02:52 GMT" time="0.344" errors="0">
  <testcase name="m3" time="0.000" classname="org.mts.TestNgAssert"/>
  <testcase name="m2" time="0.000" classname="org.mts.TestNgAssert"/>
  <testcase name="m1" time="0.344" classname="org.mts.TestNgAssert"/>
</testsuite> <!-- org.mts.TestNgAssert -->
